Started GET "/" for 127.0.0.1 at 2025-09-26 08:57:47 -0400
  [1m[35m (4.1ms)[0m  [1m[35mCREATE TABLE "schema_migrations" ("version" varchar NOT NULL PRIMARY KEY) /*application='MagicApp'*/[0m
  [1m[35m (0.2ms)[0m  [1m[35mCREATE TABLE "ar_internal_metadata" ("key" varchar NOT NULL PRIMARY KEY, "value" varchar, "created_at" datetime(6) NOT NULL, "updated_at" datetime(6) NOT NULL) /*application='MagicApp'*/[0m
  [1m[36mActiveRecord::SchemaMigration Load (0.2ms)[0m  [1m[34mSELECT "schema_migrations"."version" FROM "schema_migrations" ORDER BY "schema_migrations"."version" ASC /*application='MagicApp'*/[0m
Processing by Rails::WelcomeController#index as HTML
  Rendering /home/thalimoud/.gem/gems/railties-8.0.3/lib/rails/templates/rails/welcome/index.html.erb
  Rendered /home/thalimoud/.gem/gems/railties-8.0.3/lib/rails/templates/rails/welcome/index.html.erb (Duration: 1.2ms | GC: 0.0ms)
Completed 200 OK in 37ms (Views: 6.9ms | ActiveRecord: 0.0ms (0 queries, 0 cached) | GC: 0.0ms)


Started GET "/" for 127.0.0.1 at 2025-09-26 09:00:45 -0400
  [1m[36mActiveRecord::SchemaMigration Load (0.4ms)[0m  [1m[34mSELECT "schema_migrations"."version" FROM "schema_migrations" ORDER BY "schema_migrations"."version" ASC /*application='MagicApp'*/[0m
  
ActiveRecord::PendingMigrationError (

Migrations are pending. To resolve this issue, run:

        bin/rails db:migrate

You have 1 pending migration:

db/migrate/20250926130039_create_books.rb


):
  
activerecord (8.0.3) lib/active_record/migration.rb:742:in 'ActiveRecord::Migration.check_pending_migrations'
activerecord (8.0.3) lib/active_record/migration.rb:659:in 'block (2 levels) in ActiveRecord::Migration::CheckPending#call'
activesupport (8.0.3) lib/active_support/file_update_checker.rb:85:in 'ActiveSupport::FileUpdateChecker#execute'
activesupport (8.0.3) lib/active_support/file_update_checker.rb:95:in 'ActiveSupport::FileUpdateChecker#execute_if_updated'
activerecord (8.0.3) lib/active_record/migration.rb:666:in 'block in ActiveRecord::Migration::CheckPending#call'
activerecord (8.0.3) lib/active_record/migration.rb:656:in 'Thread::Mutex#synchronize'
activerecord (8.0.3) lib/active_record/migration.rb:656:in 'ActiveRecord::Migration::CheckPending#call'
actionpack (8.0.3) lib/action_dispatch/middleware/callbacks.rb:31:in 'block in ActionDispatch::Callbacks#call'
activesupport (8.0.3) lib/active_support/callbacks.rb:100:in 'ActiveSupport::Callbacks#run_callbacks'
actionpack (8.0.3) lib/action_dispatch/middleware/callbacks.rb:30:in 'ActionDispatch::Callbacks#call'
actionpack (8.0.3) lib/action_dispatch/middleware/executor.rb:16:in 'ActionDispatch::Executor#call'
actionpack (8.0.3) lib/action_dispatch/middleware/actionable_exceptions.rb:18:in 'ActionDispatch::ActionableExceptions#call'
actionpack (8.0.3) lib/action_dispatch/middleware/debug_exceptions.rb:31:in 'ActionDispatch::DebugExceptions#call'
web-console (4.2.1) lib/web_console/middleware.rb:132:in 'WebConsole::Middleware#call_app'
web-console (4.2.1) lib/web_console/middleware.rb:28:in 'block in WebConsole::Middleware#call'
web-console (4.2.1) lib/web_console/middleware.rb:17:in 'Kernel#catch'
web-console (4.2.1) lib/web_console/middleware.rb:17:in 'WebConsole::Middleware#call'
actionpack (8.0.3) lib/action_dispatch/middleware/show_exceptions.rb:32:in 'ActionDispatch::ShowExceptions#call'
railties (8.0.3) lib/rails/rack/logger.rb:41:in 'Rails::Rack::Logger#call_app'
railties (8.0.3) lib/rails/rack/logger.rb:29:in 'Rails::Rack::Logger#call'
actionpack (8.0.3) lib/action_dispatch/middleware/remote_ip.rb:96:in 'ActionDispatch::RemoteIp#call'
actionpack (8.0.3) lib/action_dispatch/middleware/request_id.rb:34:in 'ActionDispatch::RequestId#call'
rack (3.2.1) lib/rack/method_override.rb:28:in 'Rack::MethodOverride#call'
rack (3.2.1) lib/rack/runtime.rb:24:in 'Rack::Runtime#call'
actionpack (8.0.3) lib/action_dispatch/middleware/server_timing.rb:61:in 'block in ActionDispatch::ServerTiming#call'
actionpack (8.0.3) lib/action_dispatch/middleware/server_timing.rb:26:in 'ActionDispatch::ServerTiming::Subscriber#collect_events'
actionpack (8.0.3) lib/action_dispatch/middleware/server_timing.rb:60:in 'ActionDispatch::ServerTiming#call'
actionpack (8.0.3) lib/action_dispatch/middleware/executor.rb:16:in 'ActionDispatch::Executor#call'
propshaft (1.3.1) lib/propshaft/server.rb:37:in 'Propshaft::Server#call'
actionpack (8.0.3) lib/action_dispatch/middleware/static.rb:27:in 'ActionDispatch::Static#call'
rack (3.2.1) lib/rack/sendfile.rb:114:in 'Rack::Sendfile#call'
actionpack (8.0.3) lib/action_dispatch/middleware/host_authorization.rb:143:in 'ActionDispatch::HostAuthorization#call'
railties (8.0.3) lib/rails/engine.rb:535:in 'Rails::Engine#call'
puma (7.0.4) lib/puma/configuration.rb:299:in 'Puma::Configuration::ConfigMiddleware#call'
puma (7.0.4) lib/puma/request.rb:101:in 'block in Puma::Request#handle_request'
puma (7.0.4) lib/puma/thread_pool.rb:346:in 'Puma::ThreadPool#with_force_shutdown'
puma (7.0.4) lib/puma/request.rb:100:in 'Puma::Request#handle_request'
puma (7.0.4) lib/puma/server.rb:506:in 'Puma::Server#process_client'
puma (7.0.4) lib/puma/server.rb:265:in 'block in Puma::Server#run'
puma (7.0.4) lib/puma/thread_pool.rb:173:in 'block in Puma::ThreadPool#spawn_thread'
Started GET "/favicon.ico" for 127.0.0.1 at 2025-09-26 09:00:46 -0400
  [1m[36mActiveRecord::SchemaMigration Load (0.3ms)[0m  [1m[34mSELECT "schema_migrations"."version" FROM "schema_migrations" ORDER BY "schema_migrations"."version" ASC /*application='MagicApp'*/[0m
  
ActiveRecord::PendingMigrationError (

Migrations are pending. To resolve this issue, run:

        bin/rails db:migrate

You have 1 pending migration:

db/migrate/20250926130039_create_books.rb


):
  
activerecord (8.0.3) lib/active_record/migration.rb:742:in 'ActiveRecord::Migration.check_pending_migrations'
activerecord (8.0.3) lib/active_record/migration.rb:659:in 'block (2 levels) in ActiveRecord::Migration::CheckPending#call'
activesupport (8.0.3) lib/active_support/file_update_checker.rb:85:in 'ActiveSupport::FileUpdateChecker#execute'
activerecord (8.0.3) lib/active_record/migration.rb:664:in 'block in ActiveRecord::Migration::CheckPending#call'
activerecord (8.0.3) lib/active_record/migration.rb:656:in 'Thread::Mutex#synchronize'
activerecord (8.0.3) lib/active_record/migration.rb:656:in 'ActiveRecord::Migration::CheckPending#call'
actionpack (8.0.3) lib/action_dispatch/middleware/callbacks.rb:31:in 'block in ActionDispatch::Callbacks#call'
activesupport (8.0.3) lib/active_support/callbacks.rb:100:in 'ActiveSupport::Callbacks#run_callbacks'
actionpack (8.0.3) lib/action_dispatch/middleware/callbacks.rb:30:in 'ActionDispatch::Callbacks#call'
actionpack (8.0.3) lib/action_dispatch/middleware/executor.rb:16:in 'ActionDispatch::Executor#call'
actionpack (8.0.3) lib/action_dispatch/middleware/actionable_exceptions.rb:18:in 'ActionDispatch::ActionableExceptions#call'
actionpack (8.0.3) lib/action_dispatch/middleware/debug_exceptions.rb:31:in 'ActionDispatch::DebugExceptions#call'
web-console (4.2.1) lib/web_console/middleware.rb:132:in 'WebConsole::Middleware#call_app'
web-console (4.2.1) lib/web_console/middleware.rb:28:in 'block in WebConsole::Middleware#call'
web-console (4.2.1) lib/web_console/middleware.rb:17:in 'Kernel#catch'
web-console (4.2.1) lib/web_console/middleware.rb:17:in 'WebConsole::Middleware#call'
actionpack (8.0.3) lib/action_dispatch/middleware/show_exceptions.rb:32:in 'ActionDispatch::ShowExceptions#call'
railties (8.0.3) lib/rails/rack/logger.rb:41:in 'Rails::Rack::Logger#call_app'
railties (8.0.3) lib/rails/rack/logger.rb:29:in 'Rails::Rack::Logger#call'
actionpack (8.0.3) lib/action_dispatch/middleware/remote_ip.rb:96:in 'ActionDispatch::RemoteIp#call'
actionpack (8.0.3) lib/action_dispatch/middleware/request_id.rb:34:in 'ActionDispatch::RequestId#call'
rack (3.2.1) lib/rack/method_override.rb:28:in 'Rack::MethodOverride#call'
rack (3.2.1) lib/rack/runtime.rb:24:in 'Rack::Runtime#call'
actionpack (8.0.3) lib/action_dispatch/middleware/server_timing.rb:61:in 'block in ActionDispatch::ServerTiming#call'
actionpack (8.0.3) lib/action_dispatch/middleware/server_timing.rb:26:in 'ActionDispatch::ServerTiming::Subscriber#collect_events'
actionpack (8.0.3) lib/action_dispatch/middleware/server_timing.rb:60:in 'ActionDispatch::ServerTiming#call'
actionpack (8.0.3) lib/action_dispatch/middleware/executor.rb:16:in 'ActionDispatch::Executor#call'
propshaft (1.3.1) lib/propshaft/server.rb:37:in 'Propshaft::Server#call'
actionpack (8.0.3) lib/action_dispatch/middleware/static.rb:27:in 'ActionDispatch::Static#call'
rack (3.2.1) lib/rack/sendfile.rb:114:in 'Rack::Sendfile#call'
actionpack (8.0.3) lib/action_dispatch/middleware/host_authorization.rb:143:in 'ActionDispatch::HostAuthorization#call'
railties (8.0.3) lib/rails/engine.rb:535:in 'Rails::Engine#call'
puma (7.0.4) lib/puma/configuration.rb:299:in 'Puma::Configuration::ConfigMiddleware#call'
puma (7.0.4) lib/puma/request.rb:101:in 'block in Puma::Request#handle_request'
puma (7.0.4) lib/puma/thread_pool.rb:346:in 'Puma::ThreadPool#with_force_shutdown'
puma (7.0.4) lib/puma/request.rb:100:in 'Puma::Request#handle_request'
puma (7.0.4) lib/puma/server.rb:506:in 'Puma::Server#process_client'
puma (7.0.4) lib/puma/server.rb:265:in 'block in Puma::Server#run'
puma (7.0.4) lib/puma/thread_pool.rb:173:in 'block in Puma::ThreadPool#spawn_thread'
Started POST "/rails/actions" for 127.0.0.1 at 2025-09-26 09:00:58 -0400
  [1m[36mActiveRecord::InternalMetadata Load (1.0ms)[0m  [1m[34mSELECT * FROM "ar_internal_metadata" WHERE "ar_internal_metadata"."key" = 'environment' ORDER BY "ar_internal_metadata"."key" ASC LIMIT 1 /*application='MagicApp'*/[0m
  [1m[36mActiveRecord::InternalMetadata Create (3.5ms)[0m  [1m[32mINSERT INTO "ar_internal_metadata" ("key", "value", "created_at", "updated_at") VALUES ('environment', 'development', '2025-09-26 13:00:58.181426', '2025-09-26 13:00:58.181432') RETURNING "key" /*application='MagicApp'*/[0m
  [1m[36mActiveRecord::SchemaMigration Load (0.1ms)[0m  [1m[34mSELECT "schema_migrations"."version" FROM "schema_migrations" ORDER BY "schema_migrations"."version" ASC /*application='MagicApp'*/[0m
Migrating to CreateBooks (20250926130039)
  [1m[36mTRANSACTION (1.1ms)[0m  [1m[35mBEGIN immediate TRANSACTION /*application='MagicApp'*/[0m
  [1m[35m (3.9ms)[0m  [1m[35mCREATE TABLE "books" ("id" integer PRIMARY KEY AUTOINCREMENT NOT NULL, "title" varchar, "description" text, "created_at" datetime(6) NOT NULL, "updated_at" datetime(6) NOT NULL) /*application='MagicApp'*/[0m
  [1m[36mActiveRecord::SchemaMigration Create (0.6ms)[0m  [1m[32mINSERT INTO "schema_migrations" ("version") VALUES ('20250926130039') RETURNING "version" /*application='MagicApp'*/[0m
  [1m[36mTRANSACTION (0.6ms)[0m  [1m[35mCOMMIT TRANSACTION /*application='MagicApp'*/[0m
  [1m[36mActiveRecord::SchemaMigration Load (0.1ms)[0m  [1m[34mSELECT "schema_migrations"."version" FROM "schema_migrations" ORDER BY "schema_migrations"."version" ASC /*application='MagicApp'*/[0m
Started GET "/" for 127.0.0.1 at 2025-09-26 09:00:58 -0400
  [1m[36mActiveRecord::SchemaMigration Load (1.5ms)[0m  [1m[34mSELECT "schema_migrations"."version" FROM "schema_migrations" ORDER BY "schema_migrations"."version" ASC /*application='MagicApp'*/[0m
Processing by Rails::WelcomeController#index as HTML
  Rendering /home/thalimoud/.gem/gems/railties-8.0.3/lib/rails/templates/rails/welcome/index.html.erb
  Rendered /home/thalimoud/.gem/gems/railties-8.0.3/lib/rails/templates/rails/welcome/index.html.erb (Duration: 2.0ms | GC: 0.0ms)
Completed 200 OK in 34ms (Views: 5.1ms | ActiveRecord: 0.0ms (0 queries, 0 cached) | GC: 4.9ms)


Started GET "/" for 127.0.0.1 at 2025-09-26 09:01:01 -0400
Processing by Rails::WelcomeController#index as HTML
  Rendering /home/thalimoud/.gem/gems/railties-8.0.3/lib/rails/templates/rails/welcome/index.html.erb
  Rendered /home/thalimoud/.gem/gems/railties-8.0.3/lib/rails/templates/rails/welcome/index.html.erb (Duration: 1.0ms | GC: 0.0ms)
Completed 200 OK in 25ms (Views: 2.7ms | ActiveRecord: 0.0ms (0 queries, 0 cached) | GC: 0.0ms)


Started GET "/books" for 127.0.0.1 at 2025-09-26 09:01:33 -0400
Processing by BooksController#index as HTML
  Rendering layout layouts/application.html.erb
  Rendering books/index.html.erb within layouts/application
  [1m[36mBook Load (1.6ms)[0m  [1m[34mSELECT "books".* FROM "books" /*action='index',application='MagicApp',controller='books'*/[0m
  ↳ app/views/books/index.html.erb:8
  Rendered books/index.html.erb within layouts/application (Duration: 11.0ms | GC: 0.5ms)
  Rendered layout layouts/application.html.erb (Duration: 30.5ms | GC: 3.5ms)
Completed 200 OK in 122ms (Views: 31.9ms | ActiveRecord: 1.6ms (1 query, 0 cached) | GC: 12.3ms)


Started GET "/books/new" for 127.0.0.1 at 2025-09-26 09:01:41 -0400
Processing by BooksController#new as HTML
  Rendering layout layouts/application.html.erb
  Rendering books/new.html.erb within layouts/application
  Rendered books/_form.html.erb (Duration: 20.6ms | GC: 0.8ms)
  Rendered books/new.html.erb within layouts/application (Duration: 23.0ms | GC: 0.8ms)
  Rendered layout layouts/application.html.erb (Duration: 24.7ms | GC: 0.8ms)
Completed 200 OK in 70ms (Views: 25.2ms | ActiveRecord: 1.1ms (0 queries, 0 cached) | GC: 2.1ms)


Started POST "/books" for 127.0.0.1 at 2025-09-26 09:02:17 -0400
Processing by BooksController#create as TURBO_STREAM
  Parameters: {"authenticity_token" => "[FILTERED]", "book" => {"title" => "Harry Potter", "description" => "A Wizard book"}, "commit" => "Create Book"}
  [1m[36mTRANSACTION (0.1ms)[0m  [1m[35mBEGIN immediate TRANSACTION /*action='create',application='MagicApp',controller='books'*/[0m
  ↳ app/controllers/books_controller.rb:27:in 'block in BooksController#create'
  [1m[36mBook Create (2.9ms)[0m  [1m[32mINSERT INTO "books" ("title", "description", "created_at", "updated_at") VALUES ('Harry Potter', 'A Wizard book', '2025-09-26 13:02:17.977984', '2025-09-26 13:02:17.977984') RETURNING "id" /*action='create',application='MagicApp',controller='books'*/[0m
  ↳ app/controllers/books_controller.rb:27:in 'block in BooksController#create'
  [1m[36mTRANSACTION (9.5ms)[0m  [1m[35mCOMMIT TRANSACTION /*action='create',application='MagicApp',controller='books'*/[0m
  ↳ app/controllers/books_controller.rb:27:in 'block in BooksController#create'
Redirected to http://127.0.0.1:3000/books/1
Completed 302 Found in 115ms (ActiveRecord: 12.5ms (1 query, 0 cached) | GC: 0.6ms)


Started GET "/books/1" for 127.0.0.1 at 2025-09-26 09:02:18 -0400
Processing by BooksController#show as TURBO_STREAM
  Parameters: {"id" => "1"}
  [1m[36mBook Load (0.2ms)[0m  [1m[34mSELECT "books".* FROM "books" WHERE "books"."id" = 1 LIMIT 1 /*action='show',application='MagicApp',controller='books'*/[0m
  ↳ app/controllers/books_controller.rb:63:in 'BooksController#set_book'
  Rendering layout layouts/application.html.erb
  Rendering books/show.html.erb within layouts/application
  Rendered books/_book.html.erb (Duration: 0.7ms | GC: 0.0ms)
  Rendered books/show.html.erb within layouts/application (Duration: 9.8ms | GC: 0.0ms)
  Rendered layout layouts/application.html.erb (Duration: 10.8ms | GC: 0.0ms)
Completed 200 OK in 82ms (Views: 12.3ms | ActiveRecord: 0.2ms (1 query, 0 cached) | GC: 0.0ms)


Started GET "/books/1/edit" for 127.0.0.1 at 2025-09-26 09:02:19 -0400
Processing by BooksController#edit as HTML
  Parameters: {"id" => "1"}
  [1m[36mBook Load (0.2ms)[0m  [1m[34mSELECT "books".* FROM "books" WHERE "books"."id" = 1 LIMIT 1 /*action='edit',application='MagicApp',controller='books'*/[0m
  ↳ app/controllers/books_controller.rb:63:in 'BooksController#set_book'
  Rendering layout layouts/application.html.erb
  Rendering books/edit.html.erb within layouts/application
  Rendered books/_form.html.erb (Duration: 14.8ms | GC: 0.0ms)
  Rendered books/edit.html.erb within layouts/application (Duration: 17.3ms | GC: 0.0ms)
  Rendered layout layouts/application.html.erb (Duration: 18.2ms | GC: 0.0ms)
Completed 200 OK in 39ms (Views: 19.1ms | ActiveRecord: 0.2ms (1 query, 0 cached) | GC: 0.0ms)


Started GET "/books" for 127.0.0.1 at 2025-09-26 09:02:20 -0400
Processing by BooksController#index as HTML
  Rendering layout layouts/application.html.erb
  Rendering books/index.html.erb within layouts/application
  [1m[36mBook Load (0.2ms)[0m  [1m[34mSELECT "books".* FROM "books" /*action='index',application='MagicApp',controller='books'*/[0m
  ↳ app/views/books/index.html.erb:8
  Rendered books/_book.html.erb (Duration: 0.9ms | GC: 0.0ms)
  Rendered books/index.html.erb within layouts/application (Duration: 12.1ms | GC: 0.0ms)
  Rendered layout layouts/application.html.erb (Duration: 16.6ms | GC: 0.0ms)
Completed 200 OK in 46ms (Views: 18.9ms | ActiveRecord: 0.2ms (1 query, 0 cached) | GC: 0.0ms)


Started GET "/books/1" for 127.0.0.1 at 2025-09-26 09:02:23 -0400
Processing by BooksController#show as HTML
  Parameters: {"id" => "1"}
  [1m[36mBook Load (0.2ms)[0m  [1m[34mSELECT "books".* FROM "books" WHERE "books"."id" = 1 LIMIT 1 /*action='show',application='MagicApp',controller='books'*/[0m
  ↳ app/controllers/books_controller.rb:63:in 'BooksController#set_book'
  Rendering layout layouts/application.html.erb
  Rendering books/show.html.erb within layouts/application
  Rendered books/_book.html.erb (Duration: 0.1ms | GC: 0.0ms)
  Rendered books/show.html.erb within layouts/application (Duration: 3.3ms | GC: 0.0ms)
  Rendered layout layouts/application.html.erb (Duration: 4.3ms | GC: 0.0ms)
Completed 200 OK in 31ms (Views: 5.2ms | ActiveRecord: 0.2ms (1 query, 0 cached) | GC: 0.0ms)


Started GET "/books/1/edit" for 127.0.0.1 at 2025-09-26 09:02:25 -0400
Processing by BooksController#edit as HTML
  Parameters: {"id" => "1"}
  [1m[36mBook Load (0.2ms)[0m  [1m[34mSELECT "books".* FROM "books" WHERE "books"."id" = 1 LIMIT 1 /*action='edit',application='MagicApp',controller='books'*/[0m
  ↳ app/controllers/books_controller.rb:63:in 'BooksController#set_book'
  Rendering layout layouts/application.html.erb
  Rendering books/edit.html.erb within layouts/application
  Rendered books/_form.html.erb (Duration: 22.7ms | GC: 0.0ms)
  Rendered books/edit.html.erb within layouts/application (Duration: 23.2ms | GC: 0.0ms)
  Rendered layout layouts/application.html.erb (Duration: 25.8ms | GC: 0.0ms)
Completed 200 OK in 47ms (Views: 26.5ms | ActiveRecord: 0.2ms (1 query, 0 cached) | GC: 0.0ms)


Started GET "/books/1/edit" for 127.0.0.1 at 2025-09-26 09:02:25 -0400
Processing by BooksController#edit as HTML
  Parameters: {"id" => "1"}
  [1m[36mBook Load (0.2ms)[0m  [1m[34mSELECT "books".* FROM "books" WHERE "books"."id" = 1 LIMIT 1 /*action='edit',application='MagicApp',controller='books'*/[0m
  ↳ app/controllers/books_controller.rb:63:in 'BooksController#set_book'
  Rendering layout layouts/application.html.erb
  Rendering books/edit.html.erb within layouts/application
  Rendered books/_form.html.erb (Duration: 5.2ms | GC: 0.0ms)
  Rendered books/edit.html.erb within layouts/application (Duration: 6.4ms | GC: 0.0ms)
  Rendered layout layouts/application.html.erb (Duration: 8.1ms | GC: 0.0ms)
Completed 200 OK in 33ms (Views: 8.8ms | ActiveRecord: 0.2ms (1 query, 0 cached) | GC: 0.0ms)


Started GET "/" for 127.0.0.1 at 2025-10-10 11:56:24 -0400
  [1m[36mActiveRecord::SchemaMigration Load (0.7ms)[0m  [1m[34mSELECT "schema_migrations"."version" FROM "schema_migrations" ORDER BY "schema_migrations"."version" ASC /*application='MagicApp'*/[0m
Processing by Rails::WelcomeController#index as HTML
  Rendering /home/thalimoud/.gem/gems/railties-8.0.3/lib/rails/templates/rails/welcome/index.html.erb
  Rendered /home/thalimoud/.gem/gems/railties-8.0.3/lib/rails/templates/rails/welcome/index.html.erb (Duration: 1.1ms | GC: 0.0ms)
Completed 200 OK in 24ms (Views: 3.8ms | ActiveRecord: 0.0ms (0 queries, 0 cached) | GC: 0.0ms)


Started GET "/books" for 127.0.0.1 at 2025-10-10 11:56:29 -0400
Processing by BooksController#index as HTML
  Rendering layout layouts/application.html.erb
  Rendering books/index.html.erb within layouts/application
  [1m[36mBook Load (1.7ms)[0m  [1m[34mSELECT "books".* FROM "books" /*action='index',application='MagicApp',controller='books'*/[0m
  ↳ app/views/books/index.html.erb:8
  Rendered books/_book.html.erb (Duration: 0.4ms | GC: 0.0ms)
  Rendered books/index.html.erb within layouts/application (Duration: 24.1ms | GC: 0.0ms)
  Rendered layout layouts/application.html.erb (Duration: 38.3ms | GC: 0.0ms)
Completed 200 OK in 69ms (Views: 38.1ms | ActiveRecord: 3.1ms (1 query, 0 cached) | GC: 0.0ms)


Started GET "/books/new" for 127.0.0.1 at 2025-10-10 11:56:35 -0400
Processing by BooksController#new as HTML
  Rendering layout layouts/application.html.erb
  Rendering books/new.html.erb within layouts/application
  Rendered books/_form.html.erb (Duration: 19.1ms | GC: 0.0ms)
  Rendered books/new.html.erb within layouts/application (Duration: 21.5ms | GC: 0.0ms)
  Rendered layout layouts/application.html.erb (Duration: 25.1ms | GC: 0.0ms)
Completed 200 OK in 35ms (Views: 25.4ms | ActiveRecord: 0.0ms (0 queries, 0 cached) | GC: 0.0ms)


Started GET "/books/1" for 127.0.0.1 at 2025-10-10 11:56:35 -0400
Processing by BooksController#show as HTML
  Parameters: {"id" => "1"}
  [1m[36mBook Load (4.3ms)[0m  [1m[34mSELECT "books".* FROM "books" WHERE "books"."id" = 1 LIMIT 1 /*action='show',application='MagicApp',controller='books'*/[0m
  ↳ app/controllers/books_controller.rb:63:in 'BooksController#set_book'
  Rendering layout layouts/application.html.erb
  Rendering books/show.html.erb within layouts/application
  Rendered books/_book.html.erb (Duration: 2.0ms | GC: 0.0ms)
  Rendered books/show.html.erb within layouts/application (Duration: 12.7ms | GC: 0.0ms)
  Rendered layout layouts/application.html.erb (Duration: 15.7ms | GC: 0.0ms)
Completed 200 OK in 44ms (Views: 16.5ms | ActiveRecord: 4.3ms (1 query, 0 cached) | GC: 0.0ms)


Started GET "/books/new" for 127.0.0.1 at 2025-10-10 11:56:35 -0400
Processing by BooksController#new as HTML
  Rendering layout layouts/application.html.erb
  Rendering books/new.html.erb within layouts/application
  Rendered books/_form.html.erb (Duration: 5.8ms | GC: 0.0ms)
  Rendered books/new.html.erb within layouts/application (Duration: 6.0ms | GC: 0.0ms)
  Rendered layout layouts/application.html.erb (Duration: 6.6ms | GC: 0.0ms)
Completed 200 OK in 23ms (Views: 10.4ms | ActiveRecord: 0.0ms (0 queries, 0 cached) | GC: 0.0ms)


Started GET "/books/1" for 127.0.0.1 at 2025-10-10 11:56:36 -0400
Processing by BooksController#show as HTML
  Parameters: {"id" => "1"}
  [1m[36mBook Load (0.1ms)[0m  [1m[34mSELECT "books".* FROM "books" WHERE "books"."id" = 1 LIMIT 1 /*action='show',application='MagicApp',controller='books'*/[0m
  ↳ app/controllers/books_controller.rb:63:in 'BooksController#set_book'
  Rendering layout layouts/application.html.erb
  Rendering books/show.html.erb within layouts/application
  Rendered books/_book.html.erb (Duration: 0.0ms | GC: 0.0ms)
  Rendered books/show.html.erb within layouts/application (Duration: 1.9ms | GC: 0.0ms)
  Rendered layout layouts/application.html.erb (Duration: 4.6ms | GC: 0.0ms)
Completed 200 OK in 17ms (Views: 5.0ms | ActiveRecord: 0.1ms (1 query, 0 cached) | GC: 0.0ms)


Started GET "/books/1/edit" for 127.0.0.1 at 2025-10-10 11:56:40 -0400
Processing by BooksController#edit as HTML
  Parameters: {"id" => "1"}
  [1m[36mBook Load (0.1ms)[0m  [1m[34mSELECT "books".* FROM "books" WHERE "books"."id" = 1 LIMIT 1 /*action='edit',application='MagicApp',controller='books'*/[0m
  ↳ app/controllers/books_controller.rb:63:in 'BooksController#set_book'
  Rendering layout layouts/application.html.erb
  Rendering books/edit.html.erb within layouts/application
  Rendered books/_form.html.erb (Duration: 10.8ms | GC: 0.0ms)
  Rendered books/edit.html.erb within layouts/application (Duration: 12.7ms | GC: 0.0ms)
  Rendered layout layouts/application.html.erb (Duration: 13.5ms | GC: 0.0ms)
Completed 200 OK in 28ms (Views: 16.6ms | ActiveRecord: 0.1ms (1 query, 0 cached) | GC: 0.0ms)


Started GET "/books" for 127.0.0.1 at 2025-10-10 11:56:40 -0400
Processing by BooksController#index as HTML
  Rendering layout layouts/application.html.erb
  Rendering books/index.html.erb within layouts/application
  [1m[36mBook Load (0.4ms)[0m  [1m[34mSELECT "books".* FROM "books" /*action='index',application='MagicApp',controller='books'*/[0m
  ↳ app/views/books/index.html.erb:8
  Rendered books/_book.html.erb (Duration: 0.6ms | GC: 0.0ms)
  Rendered books/index.html.erb within layouts/application (Duration: 4.8ms | GC: 0.0ms)
  Rendered layout layouts/application.html.erb (Duration: 6.3ms | GC: 0.0ms)
Completed 200 OK in 18ms (Views: 6.9ms | ActiveRecord: 0.3ms (1 query, 0 cached) | GC: 0.0ms)


Started GET "/books/1" for 127.0.0.1 at 2025-10-10 11:56:41 -0400
Processing by BooksController#show as HTML
  Parameters: {"id" => "1"}
  [1m[36mBook Load (0.1ms)[0m  [1m[34mSELECT "books".* FROM "books" WHERE "books"."id" = 1 LIMIT 1 /*action='show',application='MagicApp',controller='books'*/[0m
  ↳ app/controllers/books_controller.rb:63:in 'BooksController#set_book'
  Rendering layout layouts/application.html.erb
  Rendering books/show.html.erb within layouts/application
  Rendered books/_book.html.erb (Duration: 0.0ms | GC: 0.0ms)
  Rendered books/show.html.erb within layouts/application (Duration: 2.9ms | GC: 0.0ms)
  Rendered layout layouts/application.html.erb (Duration: 3.6ms | GC: 0.0ms)
Completed 200 OK in 15ms (Views: 3.8ms | ActiveRecord: 0.1ms (1 query, 0 cached) | GC: 0.0ms)


Started GET "/books/new" for 127.0.0.1 at 2025-10-10 11:56:42 -0400
Processing by BooksController#new as HTML
  Rendering layout layouts/application.html.erb
  Rendering books/new.html.erb within layouts/application
  Rendered books/_form.html.erb (Duration: 6.2ms | GC: 0.0ms)
  Rendered books/new.html.erb within layouts/application (Duration: 6.4ms | GC: 0.0ms)
  Rendered layout layouts/application.html.erb (Duration: 10.1ms | GC: 0.0ms)
Completed 200 OK in 20ms (Views: 10.5ms | ActiveRecord: 0.0ms (0 queries, 0 cached) | GC: 0.0ms)


Started POST "/books" for 127.0.0.1 at 2025-10-10 11:57:08 -0400
Processing by BooksController#create as TURBO_STREAM
  Parameters: {"authenticity_token" => "[FILTERED]", "book" => {"title" => "Solo Leveling", "description" => "Shadow monarch\n"}, "commit" => "Create Book"}
  [1m[36mTRANSACTION (0.4ms)[0m  [1m[35mBEGIN immediate TRANSACTION /*action='create',application='MagicApp',controller='books'*/[0m
  ↳ app/controllers/books_controller.rb:27:in 'block in BooksController#create'
  [1m[36mBook Create (3.4ms)[0m  [1m[32mINSERT INTO "books" ("title", "description", "created_at", "updated_at") VALUES ('Solo Leveling', 'Shadow monarch
', '2025-10-10 15:57:08.806365', '2025-10-10 15:57:08.806365') RETURNING "id" /*action='create',application='MagicApp',controller='books'*/[0m
  ↳ app/controllers/books_controller.rb:27:in 'block in BooksController#create'
  [1m[36mTRANSACTION (1.1ms)[0m  [1m[35mCOMMIT TRANSACTION /*action='create',application='MagicApp',controller='books'*/[0m
  ↳ app/controllers/books_controller.rb:27:in 'block in BooksController#create'
Redirected to http://localhost:3000/books/2
Completed 302 Found in 48ms (ActiveRecord: 4.8ms (1 query, 0 cached) | GC: 0.0ms)


Started GET "/books/2" for 127.0.0.1 at 2025-10-10 11:57:08 -0400
Processing by BooksController#show as TURBO_STREAM
  Parameters: {"id" => "2"}
  [1m[36mBook Load (0.1ms)[0m  [1m[34mSELECT "books".* FROM "books" WHERE "books"."id" = 2 LIMIT 1 /*action='show',application='MagicApp',controller='books'*/[0m
  ↳ app/controllers/books_controller.rb:63:in 'BooksController#set_book'
  Rendering layout layouts/application.html.erb
  Rendering books/show.html.erb within layouts/application
  Rendered books/_book.html.erb (Duration: 0.7ms | GC: 0.0ms)
  Rendered books/show.html.erb within layouts/application (Duration: 1.5ms | GC: 0.0ms)
  Rendered layout layouts/application.html.erb (Duration: 2.2ms | GC: 0.0ms)
Completed 200 OK in 14ms (Views: 2.6ms | ActiveRecord: 0.1ms (1 query, 0 cached) | GC: 0.0ms)


Started GET "/books/2/edit" for 127.0.0.1 at 2025-10-10 11:57:11 -0400
Processing by BooksController#edit as HTML
  Parameters: {"id" => "2"}
  [1m[36mBook Load (0.1ms)[0m  [1m[34mSELECT "books".* FROM "books" WHERE "books"."id" = 2 LIMIT 1 /*action='edit',application='MagicApp',controller='books'*/[0m
  ↳ app/controllers/books_controller.rb:63:in 'BooksController#set_book'
  Rendering layout layouts/application.html.erb
  Rendering books/edit.html.erb within layouts/application
  Rendered books/_form.html.erb (Duration: 1.8ms | GC: 0.0ms)
  Rendered books/edit.html.erb within layouts/application (Duration: 2.2ms | GC: 0.0ms)
  Rendered layout layouts/application.html.erb (Duration: 2.5ms | GC: 0.0ms)
Completed 200 OK in 12ms (Views: 2.7ms | ActiveRecord: 0.1ms (1 query, 0 cached) | GC: 0.0ms)


Started GET "/books/2/edit" for 127.0.0.1 at 2025-10-10 11:57:11 -0400
Processing by BooksController#edit as HTML
  Parameters: {"id" => "2"}
  [1m[36mBook Load (0.1ms)[0m  [1m[34mSELECT "books".* FROM "books" WHERE "books"."id" = 2 LIMIT 1 /*action='edit',application='MagicApp',controller='books'*/[0m
  ↳ app/controllers/books_controller.rb:63:in 'BooksController#set_book'
  Rendering layout layouts/application.html.erb
  Rendering books/edit.html.erb within layouts/application
  Rendered books/_form.html.erb (Duration: 8.6ms | GC: 0.0ms)
  Rendered books/edit.html.erb within layouts/application (Duration: 10.0ms | GC: 0.0ms)
  Rendered layout layouts/application.html.erb (Duration: 10.4ms | GC: 0.0ms)
Completed 200 OK in 20ms (Views: 10.7ms | ActiveRecord: 0.1ms (1 query, 0 cached) | GC: 0.0ms)


Started GET "/books" for 127.0.0.1 at 2025-10-10 11:57:12 -0400
Processing by BooksController#index as HTML
  Rendering layout layouts/application.html.erb
  Rendering books/index.html.erb within layouts/application
  [1m[36mBook Load (0.1ms)[0m  [1m[34mSELECT "books".* FROM "books" /*action='index',application='MagicApp',controller='books'*/[0m
  ↳ app/views/books/index.html.erb:8
  Rendered books/_book.html.erb (Duration: 0.3ms | GC: 0.0ms)
  Rendered books/_book.html.erb (Duration: 0.1ms | GC: 0.0ms)
  Rendered books/index.html.erb within layouts/application (Duration: 13.9ms | GC: 0.0ms)
  Rendered layout layouts/application.html.erb (Duration: 15.2ms | GC: 0.0ms)
Completed 200 OK in 26ms (Views: 17.1ms | ActiveRecord: 0.1ms (1 query, 0 cached) | GC: 0.0ms)


  [1m[36mActiveRecord::SchemaMigration Load (0.7ms)[0m  [1m[34mSELECT "schema_migrations"."version" FROM "schema_migrations" ORDER BY "schema_migrations"."version" ASC /*application='MagicApp'*/[0m
Started GET "/" for 127.0.0.1 at 2025-10-10 16:02:29 -0400
  [1m[36mActiveRecord::SchemaMigration Load (0.5ms)[0m  [1m[34mSELECT "schema_migrations"."version" FROM "schema_migrations" ORDER BY "schema_migrations"."version" ASC /*application='MagicApp'*/[0m
Processing by Rails::WelcomeController#index as HTML
  Rendering /home/thalimoud/.gem/gems/railties-8.0.3/lib/rails/templates/rails/welcome/index.html.erb
  Rendered /home/thalimoud/.gem/gems/railties-8.0.3/lib/rails/templates/rails/welcome/index.html.erb (Duration: 1.0ms | GC: 0.0ms)
Completed 200 OK in 24ms (Views: 3.2ms | ActiveRecord: 0.0ms (0 queries, 0 cached) | GC: 0.0ms)


Started GET "/books" for 127.0.0.1 at 2025-10-10 16:02:33 -0400
Processing by BooksController#index as HTML
  Rendering layout layouts/application.html.erb
  Rendering books/index.html.erb within layouts/application
  [1m[36mBook Load (1.4ms)[0m  [1m[34mSELECT "books".* FROM "books" /*action='index',application='MagicApp',controller='books'*/[0m
  ↳ app/views/books/index.html.erb:8
  Rendered books/_book.html.erb (Duration: 0.3ms | GC: 0.0ms)
  Rendered books/_book.html.erb (Duration: 0.0ms | GC: 0.0ms)
  Rendered books/index.html.erb within layouts/application (Duration: 31.5ms | GC: 0.0ms)
  Rendered layout layouts/application.html.erb (Duration: 45.3ms | GC: 0.0ms)
Completed 200 OK in 78ms (Views: 45.1ms | ActiveRecord: 2.9ms (1 query, 0 cached) | GC: 0.0ms)


Started GET "/books/2" for 127.0.0.1 at 2025-10-10 16:02:44 -0400
Processing by BooksController#show as HTML
  Parameters: {"id" => "2"}
  [1m[36mBook Load (4.0ms)[0m  [1m[34mSELECT "books".* FROM "books" WHERE "books"."id" = 2 LIMIT 1 /*action='show',application='MagicApp',controller='books'*/[0m
  ↳ app/controllers/books_controller.rb:63:in 'BooksController#set_book'
  Rendering layout layouts/application.html.erb
  Rendering books/show.html.erb within layouts/application
  Rendered books/_book.html.erb (Duration: 1.3ms | GC: 0.0ms)
  Rendered books/show.html.erb within layouts/application (Duration: 5.0ms | GC: 0.0ms)
  Rendered layout layouts/application.html.erb (Duration: 7.9ms | GC: 0.0ms)
Completed 200 OK in 39ms (Views: 9.0ms | ActiveRecord: 3.9ms (1 query, 0 cached) | GC: 2.0ms)


Started GET "/books/new" for 127.0.0.1 at 2025-10-10 16:02:45 -0400
Processing by BooksController#new as HTML
  Rendering layout layouts/application.html.erb
  Rendering books/new.html.erb within layouts/application
  Rendered books/_form.html.erb (Duration: 11.7ms | GC: 0.0ms)
  Rendered books/new.html.erb within layouts/application (Duration: 30.3ms | GC: 0.0ms)
  Rendered layout layouts/application.html.erb (Duration: 32.4ms | GC: 0.0ms)
Completed 200 OK in 49ms (Views: 33.9ms | ActiveRecord: 0.0ms (0 queries, 0 cached) | GC: 0.9ms)


Started GET "/books/2" for 127.0.0.1 at 2025-10-10 16:02:46 -0400
Processing by BooksController#show as HTML
  Parameters: {"id" => "2"}
  [1m[36mBook Load (0.4ms)[0m  [1m[34mSELECT "books".* FROM "books" WHERE "books"."id" = 2 LIMIT 1 /*action='show',application='MagicApp',controller='books'*/[0m
  ↳ app/controllers/books_controller.rb:63:in 'BooksController#set_book'
  Rendering layout layouts/application.html.erb
  Rendering books/show.html.erb within layouts/application
  Rendered books/_book.html.erb (Duration: 0.7ms | GC: 0.0ms)
  Rendered books/show.html.erb within layouts/application (Duration: 6.7ms | GC: 0.0ms)
  Rendered layout layouts/application.html.erb (Duration: 7.7ms | GC: 0.0ms)
Completed 200 OK in 36ms (Views: 10.9ms | ActiveRecord: 0.4ms (1 query, 0 cached) | GC: 1.5ms)


Started GET "/books/new" for 127.0.0.1 at 2025-10-10 16:02:46 -0400
Processing by BooksController#new as HTML
  Rendering layout layouts/application.html.erb
  Rendering books/new.html.erb within layouts/application
  Rendered books/_form.html.erb (Duration: 9.1ms | GC: 0.5ms)
  Rendered books/new.html.erb within layouts/application (Duration: 9.5ms | GC: 0.5ms)
  Rendered layout layouts/application.html.erb (Duration: 10.8ms | GC: 0.5ms)
Completed 200 OK in 22ms (Views: 11.1ms | ActiveRecord: 0.0ms (0 queries, 0 cached) | GC: 0.5ms)


Started GET "/books/2" for 127.0.0.1 at 2025-10-10 16:02:47 -0400
Processing by BooksController#show as HTML
  Parameters: {"id" => "2"}
  [1m[36mBook Load (0.1ms)[0m  [1m[34mSELECT "books".* FROM "books" WHERE "books"."id" = 2 LIMIT 1 /*action='show',application='MagicApp',controller='books'*/[0m
  ↳ app/controllers/books_controller.rb:63:in 'BooksController#set_book'
  Rendering layout layouts/application.html.erb
  Rendering books/show.html.erb within layouts/application
  Rendered books/_book.html.erb (Duration: 0.4ms | GC: 0.0ms)
  Rendered books/show.html.erb within layouts/application (Duration: 4.7ms | GC: 0.0ms)
  Rendered layout layouts/application.html.erb (Duration: 5.3ms | GC: 0.0ms)
Completed 200 OK in 26ms (Views: 8.4ms | ActiveRecord: 0.1ms (1 query, 0 cached) | GC: 0.0ms)


Started GET "/books/new" for 127.0.0.1 at 2025-10-10 16:02:47 -0400
Processing by BooksController#new as HTML
  Rendering layout layouts/application.html.erb
  Rendering books/new.html.erb within layouts/application
  Rendered books/_form.html.erb (Duration: 10.1ms | GC: 0.0ms)
  Rendered books/new.html.erb within layouts/application (Duration: 10.3ms | GC: 0.0ms)
  Rendered layout layouts/application.html.erb (Duration: 11.5ms | GC: 0.0ms)
Completed 200 OK in 30ms (Views: 12.4ms | ActiveRecord: 0.0ms (0 queries, 0 cached) | GC: 5.2ms)


Started GET "/books/2" for 127.0.0.1 at 2025-10-10 16:02:47 -0400
Processing by BooksController#show as HTML
  Parameters: {"id" => "2"}
  [1m[36mBook Load (0.1ms)[0m  [1m[34mSELECT "books".* FROM "books" WHERE "books"."id" = 2 LIMIT 1 /*action='show',application='MagicApp',controller='books'*/[0m
  ↳ app/controllers/books_controller.rb:63:in 'BooksController#set_book'
  Rendering layout layouts/application.html.erb
  Rendering books/show.html.erb within layouts/application
  Rendered books/_book.html.erb (Duration: 0.0ms | GC: 0.0ms)
  Rendered books/show.html.erb within layouts/application (Duration: 5.3ms | GC: 0.0ms)
  Rendered layout layouts/application.html.erb (Duration: 5.9ms | GC: 0.0ms)
Completed 200 OK in 17ms (Views: 6.2ms | ActiveRecord: 0.1ms (1 query, 0 cached) | GC: 0.0ms)


Started GET "/books/new" for 127.0.0.1 at 2025-10-10 16:02:47 -0400
Processing by BooksController#new as HTML
  Rendering layout layouts/application.html.erb
  Rendering books/new.html.erb within layouts/application
  Rendered books/_form.html.erb (Duration: 1.9ms | GC: 0.0ms)
  Rendered books/new.html.erb within layouts/application (Duration: 2.1ms | GC: 0.0ms)
  Rendered layout layouts/application.html.erb (Duration: 5.7ms | GC: 0.0ms)
Completed 200 OK in 15ms (Views: 6.0ms | ActiveRecord: 0.0ms (0 queries, 0 cached) | GC: 0.0ms)


Started GET "/books/2" for 127.0.0.1 at 2025-10-10 16:02:48 -0400
Processing by BooksController#show as HTML
  Parameters: {"id" => "2"}
  [1m[36mBook Load (0.2ms)[0m  [1m[34mSELECT "books".* FROM "books" WHERE "books"."id" = 2 LIMIT 1 /*action='show',application='MagicApp',controller='books'*/[0m
  ↳ app/controllers/books_controller.rb:63:in 'BooksController#set_book'
  Rendering layout layouts/application.html.erb
  Rendering books/show.html.erb within layouts/application
  Rendered books/_book.html.erb (Duration: 0.1ms | GC: 0.0ms)
  Rendered books/show.html.erb within layouts/application (Duration: 2.5ms | GC: 0.0ms)
  Rendered layout layouts/application.html.erb (Duration: 3.4ms | GC: 0.0ms)
Completed 200 OK in 25ms (Views: 4.5ms | ActiveRecord: 0.2ms (1 query, 0 cached) | GC: 0.0ms)


Started GET "/books/2" for 127.0.0.1 at 2025-10-10 16:03:40 -0400
Processing by BooksController#show as HTML
  Parameters: {"id" => "2"}
  [1m[36mBook Load (0.1ms)[0m  [1m[34mSELECT "books".* FROM "books" WHERE "books"."id" = 2 LIMIT 1 /*action='show',application='MagicApp',controller='books'*/[0m
  ↳ app/controllers/books_controller.rb:63:in 'BooksController#set_book'
  Rendering layout layouts/application.html.erb
  Rendering books/show.html.erb within layouts/application
  Rendered books/_book.html.erb (Duration: 0.0ms | GC: 0.0ms)
  Rendered books/show.html.erb within layouts/application (Duration: 1.3ms | GC: 0.0ms)
  Rendered layout layouts/application.html.erb (Duration: 5.9ms | GC: 0.0ms)
Completed 200 OK in 16ms (Views: 6.1ms | ActiveRecord: 0.1ms (1 query, 0 cached) | GC: 0.0ms)


Started GET "/books/new" for 127.0.0.1 at 2025-10-10 16:03:41 -0400
Processing by BooksController#new as HTML
  Rendering layout layouts/application.html.erb
  Rendering books/new.html.erb within layouts/application
  Rendered books/_form.html.erb (Duration: 8.9ms | GC: 0.0ms)
  Rendered books/new.html.erb within layouts/application (Duration: 9.2ms | GC: 0.0ms)
  Rendered layout layouts/application.html.erb (Duration: 9.6ms | GC: 0.0ms)
Completed 200 OK in 18ms (Views: 9.8ms | ActiveRecord: 0.0ms (0 queries, 0 cached) | GC: 0.0ms)


Started GET "/books/2" for 127.0.0.1 at 2025-10-10 16:03:41 -0400
Processing by BooksController#show as HTML
  Parameters: {"id" => "2"}
  [1m[36mBook Load (0.5ms)[0m  [1m[34mSELECT "books".* FROM "books" WHERE "books"."id" = 2 LIMIT 1 /*action='show',application='MagicApp',controller='books'*/[0m
  ↳ app/controllers/books_controller.rb:63:in 'BooksController#set_book'
  Rendering layout layouts/application.html.erb
  Rendering books/show.html.erb within layouts/application
  Rendered books/_book.html.erb (Duration: 0.4ms | GC: 0.0ms)
  Rendered books/show.html.erb within layouts/application (Duration: 4.3ms | GC: 0.0ms)
  Rendered layout layouts/application.html.erb (Duration: 5.1ms | GC: 0.0ms)
Completed 200 OK in 15ms (Views: 5.3ms | ActiveRecord: 0.5ms (1 query, 0 cached) | GC: 0.0ms)


Started GET "/books/new" for 127.0.0.1 at 2025-10-10 16:03:42 -0400
Processing by BooksController#new as HTML
  Rendering layout layouts/application.html.erb
  Rendering books/new.html.erb within layouts/application
  Rendered books/_form.html.erb (Duration: 1.1ms | GC: 0.0ms)
  Rendered books/new.html.erb within layouts/application (Duration: 2.8ms | GC: 0.0ms)
  Rendered layout layouts/application.html.erb (Duration: 3.4ms | GC: 0.0ms)
Completed 200 OK in 16ms (Views: 6.3ms | ActiveRecord: 0.0ms (0 queries, 0 cached) | GC: 0.0ms)


Started GET "/books" for 127.0.0.1 at 2025-10-10 16:03:51 -0400
  [1m[36mActiveRecord::SchemaMigration Load (0.6ms)[0m  [1m[34mSELECT "schema_migrations"."version" FROM "schema_migrations" ORDER BY "schema_migrations"."version" ASC /*application='MagicApp'*/[0m
Processing by BooksController#index as HTML
  Rendering layout layouts/application.html.erb
  Rendering books/index.html.erb within layouts/application
  [1m[36mBook Load (1.9ms)[0m  [1m[34mSELECT "books".* FROM "books" /*action='index',application='MagicApp',controller='books'*/[0m
  ↳ app/views/books/index.html.erb:8
  Rendered books/_book.html.erb (Duration: 0.6ms | GC: 0.0ms)
  Rendered books/_book.html.erb (Duration: 0.0ms | GC: 0.0ms)
  Rendered books/index.html.erb within layouts/application (Duration: 39.4ms | GC: 0.0ms)
  Rendered layout layouts/application.html.erb (Duration: 57.2ms | GC: 0.0ms)
Completed 200 OK in 91ms (Views: 58.2ms | ActiveRecord: 3.8ms (1 query, 0 cached) | GC: 0.0ms)


Started GET "/" for 127.0.0.1 at 2025-10-23 10:11:03 -0400
  [1m[36mActiveRecord::SchemaMigration Load (0.6ms)[0m  [1m[34mSELECT "schema_migrations"."version" FROM "schema_migrations" ORDER BY "schema_migrations"."version" ASC /*application='MagicApp'*/[0m
Processing by Rails::WelcomeController#index as HTML
  Rendering /home/thalimoud/.gem/gems/railties-8.0.3/lib/rails/templates/rails/welcome/index.html.erb
  Rendered /home/thalimoud/.gem/gems/railties-8.0.3/lib/rails/templates/rails/welcome/index.html.erb (Duration: 1.0ms | GC: 0.0ms)
Completed 200 OK in 25ms (Views: 3.5ms | ActiveRecord: 0.0ms (0 queries, 0 cached) | GC: 0.0ms)


Started GET "/books" for 127.0.0.1 at 2025-10-23 10:11:14 -0400
Processing by BooksController#index as HTML
  Rendering layout layouts/application.html.erb
  Rendering books/index.html.erb within layouts/application
  [1m[36mBook Load (1.7ms)[0m  [1m[34mSELECT "books".* FROM "books" /*action='index',application='MagicApp',controller='books'*/[0m
  ↳ app/views/books/index.html.erb:8
  Rendered books/_book.html.erb (Duration: 0.3ms | GC: 0.0ms)
  Rendered books/_book.html.erb (Duration: 0.1ms | GC: 0.0ms)
  Rendered books/index.html.erb within layouts/application (Duration: 28.3ms | GC: 0.0ms)
  Rendered layout layouts/application.html.erb (Duration: 43.4ms | GC: 0.0ms)
Completed 200 OK in 81ms (Views: 42.8ms | ActiveRecord: 3.0ms (1 query, 0 cached) | GC: 0.0ms)


